TN:
SF:src\services\slices\BurgerConstructor.ts
FN:20,reducer
FN:27,prepare
FN:33,removeIngredient
FN:42,moveIngredientUp
FN:51,moveIngredientDown
FN:60,resetConstructor
FNF:6
FNH:6
FNDA:2,reducer
FNDA:2,prepare
FNDA:1,removeIngredient
FNDA:1,moveIngredientUp
FNDA:1,moveIngredientDown
FNDA:1,resetConstructor
DA:1,1
DA:2,1
DA:3,1
DA:4,1
DA:5,1
DA:6,1
DA:7,1
DA:8,1
DA:9,1
DA:10,1
DA:11,1
DA:12,1
DA:13,1
DA:14,1
DA:15,1
DA:16,1
DA:17,1
DA:18,1
DA:19,1
DA:20,1
DA:21,2
DA:22,1
DA:23,1
DA:24,1
DA:25,1
DA:26,1
DA:27,1
DA:28,2
DA:29,2
DA:30,2
DA:31,1
DA:32,1
DA:33,1
DA:34,1
DA:35,1
DA:36,1
DA:37,1
DA:38,0
DA:39,0
DA:40,1
DA:41,1
DA:42,1
DA:43,1
DA:44,1
DA:45,1
DA:46,1
DA:47,1
DA:48,1
DA:49,1
DA:50,1
DA:51,1
DA:52,1
DA:53,1
DA:54,1
DA:55,1
DA:56,1
DA:57,1
DA:58,1
DA:59,1
DA:60,1
DA:61,1
DA:62,1
DA:63,1
DA:64,1
DA:65,1
DA:66,1
DA:67,1
DA:68,1
DA:69,1
DA:70,1
DA:71,1
DA:72,1
DA:73,1
DA:74,1
LF:74
LH:72
BRDA:20,0,0,2
BRDA:21,1,0,1
BRDA:27,2,0,2
BRDA:33,3,0,1
BRDA:37,4,0,0
BRDA:35,5,0,1
BRDA:42,6,0,1
BRDA:51,7,0,1
BRDA:60,8,0,1
BRF:9
BRH:8
end_of_record
